# JRE version: OpenJDK Runtime Environment (21.0.6) (build 21.0.6+-13391695-b895.109)
# Java VM: OpenJDK 64-Bit Server VM (21.0.6+-13391695-b895.109, mixed mode, tiered, compressed oops, compressed class ptrs, g1 gc, windows-amd64)
GC Precious Log:
 CardTable entry size: 512
 Card Set container configuration: InlinePtr #cards 5 size 8 Array Of Cards #cards 12 size 40 Howl #buckets 4 coarsen threshold 1843 Howl Bitmap #cards 512 size 80 coarsen threshold 460 Card regions per heap region 1 cards per card region 2048
 CPUs: 4 total, 4 available
 Memory: 20358M
 Large Page Support: Disabled
 NUMA Support: Disabled
 Compressed Oops: Enabled (32-bit)
 Heap Region Size: 1M
 Heap Min Capacity: 8M
 Heap Initial Capacity: 320M
 Heap Max Capacity: 2G
 Pre-touch: Disabled
 Parallel Workers: 4
 Concurrent Workers: 1
 Concurrent Refinement Workers: 4
 Periodic GC: Disabled
Heap:
 garbage-first heap   total 316416K, used 201143K [0x0000000080000000, 0x0000000100000000)
  region size 1024K, 22 young (22528K), 11 survivors (11264K)
 Metaspace       used 119051K, committed 121344K, reserved 1179648K
  class space    used 15828K, committed 16960K, reserved 1048576K
GC Heap History (20 events):
Event: 53.426 GC heap before
{Heap before GC invocations=31 (full 0):
 garbage-first heap   total 263168K, used 241451K [0x0000000080000000, 0x0000000100000000)
  region size 1024K, 88 young (90112K), 6 survivors (6144K)
 Metaspace       used 94865K, committed 96768K, reserved 1179648K
  class space    used 12534K, committed 13504K, reserved 1048576K
}
Event: 53.445 GC heap after
{Heap after GC invocations=32 (full 0):
 garbage-first heap   total 263168K, used 154834K [0x0000000080000000, 0x0000000100000000)
  region size 1024K, 7 young (7168K), 7 survivors (7168K)
 Metaspace       used 94865K, committed 96768K, reserved 1179648K
  class space    used 12534K, committed 13504K, reserved 1048576K
}
Event: 57.894 GC heap before
{Heap before GC invocations=32 (full 0):
 garbage-first heap   total 263168K, used 240850K [0x0000000080000000, 0x0000000100000000)
  region size 1024K, 91 young (93184K), 7 survivors (7168K)
 Metaspace       used 94889K, committed 96768K, reserved 1179648K
  class space    used 12535K, committed 13504K, reserved 1048576K
}
Event: 57.918 GC heap after
{Heap after GC invocations=33 (full 0):
 garbage-first heap   total 263168K, used 156287K [0x0000000080000000, 0x0000000100000000)
  region size 1024K, 8 young (8192K), 8 survivors (8192K)
 Metaspace       used 94889K, committed 96768K, reserved 1179648K
  class space    used 12535K, committed 13504K, reserved 1048576K
}
Event: 59.257 GC heap before
{Heap before GC invocations=34 (full 0):
 garbage-first heap   total 263168K, used 238207K [0x0000000080000000, 0x0000000100000000)
  region size 1024K, 89 young (91136K), 8 survivors (8192K)
 Metaspace       used 94917K, committed 96832K, reserved 1179648K
  class space    used 12535K, committed 13504K, reserved 1048576K
}
Event: 59.276 GC heap after
{Heap after GC invocations=35 (full 0):
 garbage-first heap   total 263168K, used 158217K [0x0000000080000000, 0x0000000100000000)
  region size 1024K, 6 young (6144K), 6 survivors (6144K)
 Metaspace       used 94917K, committed 96832K, reserved 1179648K
  class space    used 12535K, committed 13504K, reserved 1048576K
}
Event: 60.437 GC heap before
{Heap before GC invocations=35 (full 0):
 garbage-first heap   total 263168K, used 241161K [0x0000000080000000, 0x0000000100000000)
  region size 1024K, 88 young (90112K), 6 survivors (6144K)
 Metaspace       used 94928K, committed 96832K, reserved 1179648K
  class space    used 12535K, committed 13504K, reserved 1048576K
}
Event: 60.453 GC heap after
{Heap after GC invocations=36 (full 0):
 garbage-first heap   total 316416K, used 152620K [0x0000000080000000, 0x0000000100000000)
  region size 1024K, 5 young (5120K), 5 survivors (5120K)
 Metaspace       used 94928K, committed 96832K, reserved 1179648K
  class space    used 12535K, committed 13504K, reserved 1048576K
}
Event: 64.329 GC heap before
{Heap before GC invocations=36 (full 0):
 garbage-first heap   total 316416K, used 295980K [0x0000000080000000, 0x0000000100000000)
  region size 1024K, 143 young (146432K), 5 survivors (5120K)
 Metaspace       used 95030K, committed 96960K, reserved 1179648K
  class space    used 12538K, committed 13504K, reserved 1048576K
}
Event: 64.350 GC heap after
{Heap after GC invocations=37 (full 0):
 garbage-first heap   total 316416K, used 155630K [0x0000000080000000, 0x0000000100000000)
  region size 1024K, 8 young (8192K), 8 survivors (8192K)
 Metaspace       used 95030K, committed 96960K, reserved 1179648K
  class space    used 12538K, committed 13504K, reserved 1048576K
}
Event: 65.503 GC heap before
{Heap before GC invocations=37 (full 0):
 garbage-first heap   total 316416K, used 218094K [0x0000000080000000, 0x0000000100000000)
  region size 1024K, 70 young (71680K), 8 survivors (8192K)
 Metaspace       used 95101K, committed 97024K, reserved 1179648K
  class space    used 12538K, committed 13504K, reserved 1048576K
}
Event: 65.528 GC heap after
{Heap after GC invocations=38 (full 0):
 garbage-first heap   total 316416K, used 157984K [0x0000000080000000, 0x0000000100000000)
  region size 1024K, 10 young (10240K), 10 survivors (10240K)
 Metaspace       used 95101K, committed 97024K, reserved 1179648K
  class space    used 12538K, committed 13504K, reserved 1048576K
}
Event: 74.663 GC heap before
{Heap before GC invocations=39 (full 0):
 garbage-first heap   total 316416K, used 295200K [0x0000000080000000, 0x0000000100000000)
  region size 1024K, 138 young (141312K), 10 survivors (10240K)
 Metaspace       used 95793K, committed 97728K, reserved 1179648K
  class space    used 12604K, committed 13568K, reserved 1048576K
}
Event: 74.749 GC heap after
{Heap after GC invocations=40 (full 0):
 garbage-first heap   total 316416K, used 171296K [0x0000000080000000, 0x0000000100000000)
  region size 1024K, 17 young (17408K), 17 survivors (17408K)
 Metaspace       used 95793K, committed 97728K, reserved 1179648K
  class space    used 12604K, committed 13568K, reserved 1048576K
}
Event: 80.742 GC heap before
{Heap before GC invocations=40 (full 0):
 garbage-first heap   total 316416K, used 287008K [0x0000000080000000, 0x0000000100000000)
  region size 1024K, 125 young (128000K), 17 survivors (17408K)
 Metaspace       used 104503K, committed 106560K, reserved 1179648K
  class space    used 13756K, committed 14784K, reserved 1048576K
}
Event: 80.795 GC heap after
{Heap after GC invocations=41 (full 0):
 garbage-first heap   total 316416K, used 178688K [0x0000000080000000, 0x0000000100000000)
  region size 1024K, 9 young (9216K), 9 survivors (9216K)
 Metaspace       used 104503K, committed 106560K, reserved 1179648K
  class space    used 13756K, committed 14784K, reserved 1048576K
}
Event: 85.157 GC heap before
{Heap before GC invocations=41 (full 0):
 garbage-first heap   total 316416K, used 290304K [0x0000000080000000, 0x0000000100000000)
  region size 1024K, 118 young (120832K), 9 survivors (9216K)
 Metaspace       used 110783K, committed 112896K, reserved 1179648K
  class space    used 14505K, committed 15552K, reserved 1048576K
}
Event: 85.182 GC heap after
{Heap after GC invocations=42 (full 0):
 garbage-first heap   total 316416K, used 184738K [0x0000000080000000, 0x0000000100000000)
  region size 1024K, 15 young (15360K), 15 survivors (15360K)
 Metaspace       used 110783K, committed 112896K, reserved 1179648K
  class space    used 14505K, committed 15552K, reserved 1048576K
}
Event: 89.005 GC heap before
{Heap before GC invocations=43 (full 0):
 garbage-first heap   total 316416K, used 284066K [0x0000000080000000, 0x0000000100000000)
  region size 1024K, 112 young (114688K), 15 survivors (15360K)
 Metaspace       used 118229K, committed 120512K, reserved 1179648K
  class space    used 15699K, committed 16832K, reserved 1048576K
}
Event: 89.039 GC heap after
{Heap after GC invocations=44 (full 0):
 garbage-first heap   total 316416K, used 188855K [0x0000000080000000, 0x0000000100000000)
  region size 1024K, 11 young (11264K), 11 survivors (11264K)
 Metaspace       used 118229K, committed 120512K, reserved 1179648K
  class space    used 15699K, committed 16832K, reserved 1048576K
}

